-------------------------------------------------------------------------------
Test set: BookingTests
-------------------------------------------------------------------------------
Tests run: 3, Failures: 0, Errors: 1, Skipped: 0, Time elapsed: 10.493 s <<< FAILURE! - in BookingTests
CreateBooking_WithValidData_returnOk  Time elapsed: 0.044 s  <<< ERROR!
io.restassured.module.jsv.JsonSchemaValidationException: 
com.fasterxml.jackson.core.JsonParseException: Unrecognized token 'Internal': was expecting (JSON String, Number, Array, Object or token 'null', 'true' or 'false')
 at [Source: (StringReader); line: 1, column: 9]
	at BookingTests.CreateBooking_WithValidData_returnOk(BookingTests.java:90)
Caused by: com.fasterxml.jackson.core.JsonParseException: 
Unrecognized token 'Internal': was expecting (JSON String, Number, Array, Object or token 'null', 'true' or 'false')
 at [Source: (StringReader); line: 1, column: 9]
	at BookingTests.CreateBooking_WithValidData_returnOk(BookingTests.java:90)

