<?xml version="1.0" encoding="UTF-8"?>
<testsuite xmlns:xsi="http://www.w3.org/2001/XMLSchema-instance" xsi:noNamespaceSchemaLocation="https://maven.apache.org/surefire/maven-surefire-plugin/xsd/surefire-test-report.xsd" name="BookingTests" time="10.493" tests="3" errors="1" skipped="0" failures="0">
  <properties>
[...]
</properties>
  <testcase name="getAllBookingsByUserFirstName_BookingExists_returnOk" classname="BookingTests" time="5.476"/>
  <testcase name="getAllBookingsById_returnOk" classname="BookingTests" time="3.459"/>
  <testcase name="CreateBooking_WithValidData_returnOk" classname="BookingTests" time="0.044">
    <error message="com.fasterxml.jackson.core.JsonParseException: Unrecognized token &apos;Internal&apos;: was expecting (JSON String, Number, Array, Object or token &apos;null&apos;, &apos;true&apos; or &apos;false&apos;)&#10; at [Source: (StringReader); line: 1, column: 9]" type="io.restassured.module.jsv.JsonSchemaValidationException">io.restassured.module.jsv.JsonSchemaValidationException: 
com.fasterxml.jackson.core.JsonParseException: Unrecognized token 'Internal': was expecting (JSON String, Number, Array, Object or token 'null', 'true' or 'false')
 at [Source: (StringReader); line: 1, column: 9]
	at BookingTests.CreateBooking_WithValidData_returnOk(BookingTests.java:90)
Caused by: com.fasterxml.jackson.core.JsonParseException: 
Unrecognized token 'Internal': was expecting (JSON String, Number, Array, Object or token 'null', 'true' or 'false')
 at [Source: (StringReader); line: 1, column: 9]
	at BookingTests.CreateBooking_WithValidData_returnOk(BookingTests.java:90)
</error>
    <system-out><![CDATA[Request method:	POST
Request URI:	https://restful-booker.herokuapp.com/booking
Proxy:			<none>
Request params:	<none>
Query params:	<none>
Form params:	<none>
Path params:	<none>
Headers:		Accept=*/*
				Content-Type=application/json
Cookies:		<none>
Multiparts:		<none>
Body:
{
    "firstname": "Willis",
    "lastname": "Simonis",
    "totalprice": 36466.73828125,
    "depositpaid": true,
    "additionalneeds": "",
    "bookindDates": {
        "checkout": "2018-01-03",
        "checkin": "2018-01-02"
    }
}
HTTP/1.1 500 Internal Server Error
Server: Cowboy
Connection: keep-alive
X-Powered-By: Express
Content-Type: text/plain; charset=utf-8
Content-Length: 21
Etag: W/"15-/6VXivhc2MKdLfIkLcUE47K6aH0"
Date: Mon, 09 Jan 2023 02:30:05 GMT
Via: 1.1 vegur

Internal Server Error
HTTP/1.1 500 Internal Server Error
Server: Cowboy
Connection: keep-alive
X-Powered-By: Express
Content-Type: text/plain; charset=utf-8
Content-Length: 21
Etag: W/"15-/6VXivhc2MKdLfIkLcUE47K6aH0"
Date: Mon, 09 Jan 2023 02:30:05 GMT
Via: 1.1 vegur

Internal Server Error
]]></system-out>
  </testcase>
</testsuite>